<?xml version="1.0" encoding="UTF-8"?>
<!-- Generated by org.testng.reporters.JUnitReportReporter -->
<testsuite hostname="DESKTOP-S32E11Q" failures="0" tests="4" name="test_package.LoginPageTest" time="91.927" errors="0" timestamp="2024-07-01T18:57:36 IST" skipped="0">
  <testcase classname="test_package.LoginPageTest" name="verifyUserLoginWithValidCredentials" time="27.633"/>
  <testcase classname="test_package.LoginPageTest" name="verifyErrorMessageWhileLoginWithInvalidCredentials" time="23.969"/>
  <testcase classname="test_package.LoginPageTest" name="verifyErrorMessageWhileLoginWithInvalidCredentials" time="21.634"/>
  <testcase classname="test_package.LoginPageTest" name="verifyErrorMessageWhileLoginWithInvalidCredentials" time="18.691"/>
</testsuite> <!-- test_package.LoginPageTest -->
