<?xml version="1.0" encoding="UTF-8"?>
<!-- Generated by org.testng.reporters.JUnitReportReporter -->
<testsuite hostname="DESKTOP-S32E11Q" failures="0" tests="2" name="test_package.HomePageTest" time="39.249" errors="0" timestamp="2024-06-30T18:33:13 IST" skipped="0">
  <testcase classname="test_package.HomePageTest" name="verifyHomePageTitle" time="18.587"/>
  <testcase classname="test_package.HomePageTest" name="verifyUserLoginDate" time="20.662"/>
</testsuite> <!-- test_package.HomePageTest -->
