<?xml version="1.0" encoding="UTF-8"?>
<!-- Generated by org.testng.reporters.JUnitReportReporter -->
<testsuite hostname="DESKTOP-S32E11Q" failures="0" tests="1" name="test_package.My_ProfilePageTest" time="29.191" errors="0" timestamp="2024-06-30T18:37:08 IST" skipped="0">
  <testcase classname="test_package.My_ProfilePageTest" name="verifyEditProfile" time="29.191"/>
</testsuite> <!-- test_package.My_ProfilePageTest -->
