<?xml version="1.0" encoding="UTF-8"?>
<!-- Generated by org.testng.reporters.JUnitReportReporter -->
<testsuite hostname="DESKTOP-S32E11Q" failures="0" tests="1" name="test_package.AddUserPageTest" time="66.956" errors="0" timestamp="2024-07-01T19:21:33 IST" skipped="0">
  <testcase classname="test_package.AddUserPageTest" name="verifyUserLoginWithNewlyAddedUser" time="66.956"/>
</testsuite> <!-- test_package.AddUserPageTest -->
