<?xml version="1.0" encoding="UTF-8"?>
<!-- Generated by org.testng.reporters.JUnitReportReporter -->
<testsuite hostname="DESKTOP-S32E11Q" failures="0" tests="1" name="test_package.My_ProfilePageTest" time="48.157" errors="0" timestamp="2024-06-24T19:50:00 IST" skipped="0">
  <testcase classname="test_package.My_ProfilePageTest" name="verifyEditProfile" time="48.157"/>
</testsuite> <!-- test_package.My_ProfilePageTest -->
