<?xml version="1.0" encoding="UTF-8"?>
<!-- Generated by org.testng.reporters.JUnitReportReporter -->
<testsuite hostname="DESKTOP-S32E11Q" failures="0" tests="2" name="test_package.ResetPageTest" time="61.293" errors="0" timestamp="2024-07-01T18:57:36 IST" skipped="0">
  <testcase classname="test_package.ResetPageTest" name="verifyResetPassword" time="35.443"/>
  <testcase classname="test_package.ResetPageTest" name="verifyErrorMessageWithInvalidEmailidOnForgotPassword" time="25.850"/>
</testsuite> <!-- test_package.ResetPageTest -->
