<?xml version="1.0" encoding="UTF-8"?>
<!-- Generated by org.testng.reporters.JUnitReportReporter -->
<testsuite hostname="DESKTOP-S32E11Q" failures="0" tests="1" name="test_package.UserManagementTest" time="30.790" errors="0" timestamp="2024-06-25T18:52:23 IST" skipped="0">
  <testcase classname="test_package.UserManagementTest" name="verifyUserManagementOptionsRoles" time="30.790"/>
</testsuite> <!-- test_package.UserManagementTest -->
