<?xml version="1.0" encoding="UTF-8"?>
<!-- Generated by org.testng.reporters.JUnitReportReporter -->
<testsuite hostname="DESKTOP-S32E11Q" failures="0" tests="1" name="test_package.AddUserPageTest" time="40.487" errors="0" timestamp="2024-06-30T19:23:45 IST" skipped="0">
  <testcase classname="test_package.AddUserPageTest" name="verifyUserLoginWithNewlyAddedUser" time="40.487"/>
</testsuite> <!-- test_package.AddUserPageTest -->
