<?xml version="1.0" encoding="UTF-8"?>
<!-- Generated by org.testng.reporters.JUnitReportReporter -->
<testsuite hostname="DESKTOP-S32E11Q" failures="0" tests="1" name="test_package.UsersPageTest" time="80.207" errors="0" timestamp="2024-06-28T19:18:42 IST" skipped="0">
  <testcase classname="test_package.UsersPageTest" name="verifySearchUser" time="80.207"/>
</testsuite> <!-- test_package.UsersPageTest -->
