<?xml version="1.0" encoding="UTF-8"?>
<!-- Generated by org.testng.reporters.JUnitReportReporter -->
<testsuite hostname="DESKTOP-S32E11Q" failures="0" tests="2" name="test_package.UserManagementTest" time="100.589" errors="0" timestamp="2024-06-30T18:41:11 IST" skipped="0">
  <testcase classname="test_package.UserManagementTest" name="verifyUserManagementOptionsRoles" time="62.913"/>
  <testcase classname="test_package.UserManagementTest" name="verifyUserManagementOptionsUsers" time="37.676"/>
</testsuite> <!-- test_package.UserManagementTest -->
