<?xml version="1.0" encoding="UTF-8"?>
<!-- Generated by org.testng.reporters.JUnitReportReporter -->
<testsuite hostname="DESKTOP-S32E11Q" failures="0" tests="1" name="test_package.HomePageTest" time="61.239" errors="0" timestamp="2024-06-28T18:05:12 IST" skipped="0">
  <testcase classname="test_package.HomePageTest" name="verifyHomePageTitle" time="61.239"/>
</testsuite> <!-- test_package.HomePageTest -->
