<?xml version="1.0" encoding="UTF-8"?>
<!-- Generated by org.testng.reporters.JUnitReportReporter -->
<testsuite hostname="DESKTOP-S32E11Q" failures="0" tests="4" name="test_package.LoginPageTest" time="74.388" errors="0" timestamp="2024-06-30T18:35:40 IST" skipped="0">
  <testcase classname="test_package.LoginPageTest" name="verifyErrorMessageWhileLoginWithInvalidCredentials" time="22.057"/>
  <testcase classname="test_package.LoginPageTest" name="verifyUserLoginWithValidCredentials" time="21.497"/>
  <testcase classname="test_package.LoginPageTest" name="verifyErrorMessageWhileLoginWithInvalidCredentials" time="14.216"/>
  <testcase classname="test_package.LoginPageTest" name="verifyErrorMessageWhileLoginWithInvalidCredentials" time="16.618"/>
</testsuite> <!-- test_package.LoginPageTest -->
