<?xml version="1.0" encoding="UTF-8"?>
<!-- Generated by org.testng.reporters.JUnitReportReporter -->
<testsuite hostname="DESKTOP-S32E11Q" failures="0" tests="2" name="test_package.ResetPageTest" time="43.934" errors="0" timestamp="2024-06-30T18:38:47 IST" skipped="0">
  <testcase classname="test_package.ResetPageTest" name="verifyResetPassword" time="20.409"/>
  <testcase classname="test_package.ResetPageTest" name="verifyErrorMessageWithInvalidEmailidOnForgotPassword" time="23.525"/>
</testsuite> <!-- test_package.ResetPageTest -->
