<?xml version="1.0" encoding="UTF-8"?>
<!-- Generated by org.testng.reporters.JUnitReportReporter -->
<testsuite hostname="DESKTOP-S32E11Q" failures="0" tests="4" name="test_package.LoginPageTest" time="142.590" errors="0" timestamp="2024-06-28T18:05:12 IST" skipped="0">
  <testcase classname="test_package.LoginPageTest" name="verifyErrorMessageWhileLoginWithInvalidCredentials" time="27.179"/>
  <testcase classname="test_package.LoginPageTest" name="verifyErrorMessageWhileLoginWithInvalidCredentials" time="41.709"/>
  <testcase classname="test_package.LoginPageTest" name="verifyErrorMessageWhileLoginWithInvalidCredentials" time="28.922"/>
  <testcase classname="test_package.LoginPageTest" name="verifyUserLoginWithValidCredentials" time="44.780"/>
</testsuite> <!-- test_package.LoginPageTest -->
